<?xml version="1.0" encoding="UTF-8"?>
<!-- Generated by org.testng.reporters.JUnitXMLReporter -->
<testsuite ignored="0" hostname="INPHWN179406" failures="3" tests="3" name="OrangeHRM BDD Test" time="34.447" errors="0" timestamp="2025-08-02T17:47:35 IST">
  <testcase classname="io.cucumber.testng.AbstractTestNGCucumberTests" name="runScenario" time="11.099">
    <failure type="io.cucumber.testng.UndefinedStepException" message="The step &amp;apos;User enters valid credentials &amp;quot;&amp;lt;username&amp;quot;&amp;gt; and &amp;quot;&amp;lt;password&amp;quot;&amp;gt;&amp;apos; and 1 other step(s) are undefined.
You can implement these steps using the snippet(s) below:

@When(&amp;quot;User enters valid credentials {string}&amp;gt; and {string}&amp;gt;&amp;quot;)
public void user_enters_valid_credentials_and(String string, String string2) {
    // Write code here that turns the phrase above into concrete actions
    throw new io.cucumber.java.PendingException();
}
@When(&amp;quot;Clicks on login button&amp;quot;)
public void clicks_on_login_button() {
    // Write code here that turns the phrase above into concrete actions
    throw new io.cucumber.java.PendingException();
}
">
      <![CDATA[io.cucumber.testng.UndefinedStepException: The step 'User enters valid credentials "<username"> and "<password">' and 1 other step(s) are undefined.
You can implement these steps using the snippet(s) below:

@When("User enters valid credentials {string}> and {string}>")
public void user_enters_valid_credentials_and(String string, String string2) {
    // Write code here that turns the phrase above into concrete actions
    throw new io.cucumber.java.PendingException();
}
@When("Clicks on login button")
public void clicks_on_login_button() {
    // Write code here that turns the phrase above into concrete actions
    throw new io.cucumber.java.PendingException();
}

at ✽.User enters valid credentials "<username"> and "<password">(file:///C:/Users/ArKale/eclipse-workspace/orangehrm-bdd-framework/src/test/resources/features/Login.feature:6)
]]>
    </failure>
  </testcase> <!-- runScenario -->
  <testcase classname="io.cucumber.testng.AbstractTestNGCucumberTests" name="runScenario" time="9.825">
    <failure type="io.cucumber.testng.UndefinedStepException" message="The step &amp;apos;User enters valid credentials &amp;quot;&amp;lt;username&amp;quot;&amp;gt; and &amp;quot;&amp;lt;password&amp;quot;&amp;gt;&amp;apos; and 1 other step(s) are undefined.
You can implement these steps using the snippet(s) below:

@When(&amp;quot;User enters valid credentials {string}&amp;gt; and {string}&amp;gt;&amp;quot;)
public void user_enters_valid_credentials_and(String string, String string2) {
    // Write code here that turns the phrase above into concrete actions
    throw new io.cucumber.java.PendingException();
}
@When(&amp;quot;Clicks on login button&amp;quot;)
public void clicks_on_login_button() {
    // Write code here that turns the phrase above into concrete actions
    throw new io.cucumber.java.PendingException();
}
">
      <![CDATA[io.cucumber.testng.UndefinedStepException: The step 'User enters valid credentials "<username"> and "<password">' and 1 other step(s) are undefined.
You can implement these steps using the snippet(s) below:

@When("User enters valid credentials {string}> and {string}>")
public void user_enters_valid_credentials_and(String string, String string2) {
    // Write code here that turns the phrase above into concrete actions
    throw new io.cucumber.java.PendingException();
}
@When("Clicks on login button")
public void clicks_on_login_button() {
    // Write code here that turns the phrase above into concrete actions
    throw new io.cucumber.java.PendingException();
}

at ✽.User enters valid credentials "<username"> and "<password">(file:///C:/Users/ArKale/eclipse-workspace/orangehrm-bdd-framework/src/test/resources/features/Login.feature:6)
]]>
    </failure>
  </testcase> <!-- runScenario -->
  <testcase classname="io.cucumber.testng.AbstractTestNGCucumberTests" name="runScenario" time="9.833">
    <failure type="io.cucumber.testng.UndefinedStepException" message="The step &amp;apos;User enters valid credentials &amp;quot;&amp;lt;username&amp;quot;&amp;gt; and &amp;quot;&amp;lt;password&amp;quot;&amp;gt;&amp;apos; and 1 other step(s) are undefined.
You can implement these steps using the snippet(s) below:

@When(&amp;quot;User enters valid credentials {string}&amp;gt; and {string}&amp;gt;&amp;quot;)
public void user_enters_valid_credentials_and(String string, String string2) {
    // Write code here that turns the phrase above into concrete actions
    throw new io.cucumber.java.PendingException();
}
@When(&amp;quot;Clicks on login button&amp;quot;)
public void clicks_on_login_button() {
    // Write code here that turns the phrase above into concrete actions
    throw new io.cucumber.java.PendingException();
}
">
      <![CDATA[io.cucumber.testng.UndefinedStepException: The step 'User enters valid credentials "<username"> and "<password">' and 1 other step(s) are undefined.
You can implement these steps using the snippet(s) below:

@When("User enters valid credentials {string}> and {string}>")
public void user_enters_valid_credentials_and(String string, String string2) {
    // Write code here that turns the phrase above into concrete actions
    throw new io.cucumber.java.PendingException();
}
@When("Clicks on login button")
public void clicks_on_login_button() {
    // Write code here that turns the phrase above into concrete actions
    throw new io.cucumber.java.PendingException();
}

at ✽.User enters valid credentials "<username"> and "<password">(file:///C:/Users/ArKale/eclipse-workspace/orangehrm-bdd-framework/src/test/resources/features/Login.feature:6)
]]>
    </failure>
  </testcase> <!-- runScenario -->
</testsuite> <!-- OrangeHRM BDD Test -->
