<?xml version="1.0" encoding="UTF-8"?>
<!-- Generated by org.testng.reporters.JUnitReportReporter -->
<testsuite hostname="INPHWN179406" failures="0" tests="3" name="testrunners.TestRunner" time="30.757" errors="3" timestamp="2025-08-02T17:47:35 IST" skipped="0">
  <testcase classname="testrunners.TestRunner" name="runScenario" time="9.825">
    <error message="The step &#039;User enters valid credentials &quot;&lt;username&quot;&gt; and &quot;&lt;password&quot;&gt;&#039; and 1 other step(s) are undefined.
You can implement these steps using the snippet(s) below:

@When(&quot;User enters valid credentials {string}&gt; and {string}&gt;&quot;)
public void user_enters_valid_credentials_and(String string, String string2) {
    // Write code here that turns the phrase above into concrete actions
    throw new io.cucumber.java.PendingException();
}
@When(&quot;Clicks on login button&quot;)
public void clicks_on_login_button() {
    // Write code here that turns the phrase above into concrete actions
    throw new io.cucumber.java.PendingException();
}
" type="io.cucumber.testng.UndefinedStepException">
      <![CDATA[io.cucumber.testng.UndefinedStepException: The step 'User enters valid credentials "<username"> and "<password">' and 1 other step(s) are undefined.
You can implement these steps using the snippet(s) below:

@When("User enters valid credentials {string}> and {string}>")
public void user_enters_valid_credentials_and(String string, String string2) {
    // Write code here that turns the phrase above into concrete actions
    throw new io.cucumber.java.PendingException();
}
@When("Clicks on login button")
public void clicks_on_login_button() {
    // Write code here that turns the phrase above into concrete actions
    throw new io.cucumber.java.PendingException();
}

at ✽.User enters valid credentials "<username"> and "<password">(file:///C:/Users/ArKale/eclipse-workspace/orangehrm-bdd-framework/src/test/resources/features/Login.feature:6)
]]>
    </error>
  </testcase> <!-- runScenario -->
  <testcase classname="testrunners.TestRunner" name="runScenario" time="9.833">
    <error message="The step &#039;User enters valid credentials &quot;&lt;username&quot;&gt; and &quot;&lt;password&quot;&gt;&#039; and 1 other step(s) are undefined.
You can implement these steps using the snippet(s) below:

@When(&quot;User enters valid credentials {string}&gt; and {string}&gt;&quot;)
public void user_enters_valid_credentials_and(String string, String string2) {
    // Write code here that turns the phrase above into concrete actions
    throw new io.cucumber.java.PendingException();
}
@When(&quot;Clicks on login button&quot;)
public void clicks_on_login_button() {
    // Write code here that turns the phrase above into concrete actions
    throw new io.cucumber.java.PendingException();
}
" type="io.cucumber.testng.UndefinedStepException">
      <![CDATA[io.cucumber.testng.UndefinedStepException: The step 'User enters valid credentials "<username"> and "<password">' and 1 other step(s) are undefined.
You can implement these steps using the snippet(s) below:

@When("User enters valid credentials {string}> and {string}>")
public void user_enters_valid_credentials_and(String string, String string2) {
    // Write code here that turns the phrase above into concrete actions
    throw new io.cucumber.java.PendingException();
}
@When("Clicks on login button")
public void clicks_on_login_button() {
    // Write code here that turns the phrase above into concrete actions
    throw new io.cucumber.java.PendingException();
}

at ✽.User enters valid credentials "<username"> and "<password">(file:///C:/Users/ArKale/eclipse-workspace/orangehrm-bdd-framework/src/test/resources/features/Login.feature:6)
]]>
    </error>
  </testcase> <!-- runScenario -->
  <testcase classname="testrunners.TestRunner" name="runScenario" time="11.099">
    <error message="The step &#039;User enters valid credentials &quot;&lt;username&quot;&gt; and &quot;&lt;password&quot;&gt;&#039; and 1 other step(s) are undefined.
You can implement these steps using the snippet(s) below:

@When(&quot;User enters valid credentials {string}&gt; and {string}&gt;&quot;)
public void user_enters_valid_credentials_and(String string, String string2) {
    // Write code here that turns the phrase above into concrete actions
    throw new io.cucumber.java.PendingException();
}
@When(&quot;Clicks on login button&quot;)
public void clicks_on_login_button() {
    // Write code here that turns the phrase above into concrete actions
    throw new io.cucumber.java.PendingException();
}
" type="io.cucumber.testng.UndefinedStepException">
      <![CDATA[io.cucumber.testng.UndefinedStepException: The step 'User enters valid credentials "<username"> and "<password">' and 1 other step(s) are undefined.
You can implement these steps using the snippet(s) below:

@When("User enters valid credentials {string}> and {string}>")
public void user_enters_valid_credentials_and(String string, String string2) {
    // Write code here that turns the phrase above into concrete actions
    throw new io.cucumber.java.PendingException();
}
@When("Clicks on login button")
public void clicks_on_login_button() {
    // Write code here that turns the phrase above into concrete actions
    throw new io.cucumber.java.PendingException();
}

at ✽.User enters valid credentials "<username"> and "<password">(file:///C:/Users/ArKale/eclipse-workspace/orangehrm-bdd-framework/src/test/resources/features/Login.feature:6)
]]>
    </error>
  </testcase> <!-- runScenario -->
</testsuite> <!-- testrunners.TestRunner -->
